Arguments: 
  /usr/local/bin/node /usr/local/bin/yarn install

PATH: 
  /usr/local/sbin:/usr/local/bin:/usr/sbin:/usr/bin:/sbin:/bin:/snap/bin

Yarn version: 
  1.22.18

Node version: 
  16.14.2

Platform: 
  linux x64

Trace: 
  Error: write EPROTO 140287396505536:error:1416C095:SSL routines:tls_process_finished:digest check failed:../deps/openssl/openssl/ssl/statem/statem_lib.c:848:
  
      at WriteWrap.onWriteComplete [as oncomplete] (node:internal/stream_base_commons:94:16)

npm manifest: 
  {
    "name": "newsprogram",
    "version": "1.0.0",
    "main": "node_modules/expo/AppEntry.js",
    "scripts": {
      "start": "expo start",
      "android": "expo start --android",
      "ios": "expo start --ios",
      "web": "expo start --web",
      "eject": "expo eject"
    },
    "dependencies": {
      "@react-navigation/native": "^6.0.11",
      "@react-navigation/stack": "^6.2.2",
      "expo": "^45.0.0",
      "expo-app-loading": "~2.0.0",
      "expo-status-bar": "~1.3.0",
      "react": "17.0.2",
      "react-dom": "17.0.2",
      "react-native": "0.68.2",
      "expo-font": "^10.2.0",
      "react-native-gesture-handler": "~2.2.1",
      "react-native-prompt-android": "^1.1.0",
      "react-native-safe-area-context": "4.2.4",
      "react-native-screens": "~3.11.1",
      "react-native-web": "0.17.7"
    },
    "devDependencies": {
      "@babel/core": "^7.12.9"
    },
    "private": true
  }

yarn manifest: 
  No manifest

Lockfile: 
  
